Drill report for atmega328p-gate_controller.kicad_pcb
Created on 05.07.2023 19:52:21

Copper Layer Stackup:
    =============================================================
    L1 :  F.Cu                      front
    L2 :  B.Cu                      back


Drill file 'atmega328p-gate_controller-PTH.drl' contains
    plated through holes:
    =============================================================
    T1  0,300mm  0,0118"  (7 holes)
    T2  0,400mm  0,0157"  (41 holes)
    T3  0,600mm  0,0236"  (20 holes)
    T4  0,800mm  0,0315"  (36 holes)
    T5  1,000mm  0,0394"  (58 holes)
    T6  1,100mm  0,0433"  (4 holes)

    Total plated holes count 166


Drill file 'atmega328p-gate_controller-NPTH.drl' contains
    unplated through holes:
    =============================================================

    Total unplated holes count 0
